<?xml version="1.0" encoding="UTF-8"?>
<!-- Generated by org.testng.reporters.JUnitReportReporter -->
<testsuite hostname="Yuvan" failures="0" tests="1" name="com.amazon.auto.test.TestSample" time="45.650" errors="0" timestamp="2025-08-01T09:02:27 IST" skipped="0">
  <testcase classname="com.amazon.auto.test.TestSample" name="filterProduct" time="45.650"/>
</testsuite> <!-- com.amazon.auto.test.TestSample -->
