<?xml version="1.0" encoding="UTF-8"?>
<!-- Generated by org.testng.reporters.JUnitReportReporter -->
<testsuite hostname="Yuvan" failures="0" tests="1" name="com.amazon.auto.test.SearchProductTest" time="11.197" errors="0" timestamp="2025-07-30T20:04:37 IST" skipped="0">
  <testcase classname="com.amazon.auto.test.SearchProductTest" name="searchProduct" time="11.197"/>
</testsuite> <!-- com.amazon.auto.test.SearchProductTest -->
