<?xml version="1.0" encoding="UTF-8"?>
<!-- Generated by org.testng.reporters.JUnitReportReporter -->
<testsuite hostname="Yuvan" failures="0" tests="1" name="AmazonShoppingCart.AmazonCartTests" time="61.958" errors="0" timestamp="2025-10-15T16:23:12 IST" skipped="0">
  <testcase classname="AmazonShoppingCart.AmazonCartTests" name="amazonCompleteFlow" time="61.958"/>
</testsuite> <!-- AmazonShoppingCart.AmazonCartTests -->
